build/app/intermediates/manifest_merge_blame_file/debug/manifest-merger-blame-debug-report.txt
1<?xml version="1.0" encoding="utf-8"?>
2<manifest xmlns:android="http://schemas.android.com/apk/res/android"
3    package="com.flycatchtech.eirad_app"
4    android:versionCode="1"
5    android:versionName="1.0.0" >
6
7    <uses-sdk
8        android:minSdkVersion="21"
9        android:targetSdkVersion="31" />
10    <!--
11         The INTERNET permission is required for development. Specifically,
12         the Flutter tool needs it to communicate with the running application
13         to allow setting breakpoints, to provide hot reload, etc.
14    -->
15    <uses-permission android:name="android.permission.INTERNET" />
15-->src/debug/AndroidManifest.xml:7:5-66
15-->src/debug/AndroidManifest.xml:7:22-64
16    <uses-permission android:name="android.permission.ACCESS_FINE_LOCATION" />
16-->src/main/AndroidManifest.xml:3:5-79
16-->src/main/AndroidManifest.xml:3:22-76
17    <uses-permission android:name="android.permission.RECEIVE_BOOT_COMPLETED" />
17-->[:flutter_local_notifications] AndroidManifest.xml:9:5-81
17-->[:flutter_local_notifications] AndroidManifest.xml:9:22-78
18    <uses-permission android:name="android.permission.VIBRATE" />
18-->[:flutter_local_notifications] AndroidManifest.xml:10:5-66
18-->[:flutter_local_notifications] AndroidManifest.xml:10:22-63
19    <uses-permission android:name="android.permission.USE_FULL_SCREEN_INTENT" />
19-->[:flutter_local_notifications] AndroidManifest.xml:11:5-81
19-->[:flutter_local_notifications] AndroidManifest.xml:11:22-78
20    <uses-permission android:name="android.permission.SCHEDULE_EXACT_ALARM" />
20-->[:flutter_local_notifications] AndroidManifest.xml:12:5-79
20-->[:flutter_local_notifications] AndroidManifest.xml:12:22-76
21    <uses-permission android:name="android.permission.POST_NOTIFICATIONS" />
21-->[:flutter_local_notifications] AndroidManifest.xml:13:5-77
21-->[:flutter_local_notifications] AndroidManifest.xml:13:22-74
22
23    <application
24        android:name="android.app.Application"
25        android:appComponentFactory="androidx.core.app.CoreComponentFactory"
25-->[androidx.core:core:1.6.0] AndroidManifest.xml:24:18-86
26        android:debuggable="true"
27        android:icon="@mipmap/launcher_icon"
28        android:label="Eirad Attendance" >
29        <activity
30            android:name="com.flycatchtech.eirad_app.MainActivity"
31            android:configChanges="orientation|keyboardHidden|keyboard|screenSize|smallestScreenSize|locale|layoutDirection|fontScale|screenLayout|density|uiMode"
32            android:exported="true"
33            android:hardwareAccelerated="true"
34            android:launchMode="singleTop"
35            android:showWhenLocked="true"
36            android:theme="@style/LaunchTheme"
37            android:turnScreenOn="true"
38            android:windowSoftInputMode="adjustResize" >
39
40            <!--
41                 Specifies an Android theme to apply to this Activity as soon as
42                 the Android process has started. This theme is visible to the user
43                 while the Flutter UI initializes. After that, this theme continues
44                 to determine the Window background behind the Flutter UI.
45            -->
46            <meta-data
47                android:name="io.flutter.embedding.android.NormalTheme"
48                android:resource="@style/NormalTheme" />
49
50            <intent-filter>
51                <action android:name="android.intent.action.MAIN" />
52
53                <category android:name="android.intent.category.LAUNCHER" />
54            </intent-filter>
55        </activity>
56        <!--
57             Don't delete the meta-data below.
58             This is used by the Flutter tool to generate GeneratedPluginRegistrant.java
59        -->
60        <meta-data
61            android:name="flutterEmbedding"
62            android:value="2" />
63
64        <receiver
64-->[:flutter_local_notifications] AndroidManifest.xml:16:9-18:40
65            android:name="com.dexterous.flutterlocalnotifications.ActionBroadcastReceiver"
65-->[:flutter_local_notifications] AndroidManifest.xml:17:13-91
66            android:exported="false" />
66-->[:flutter_local_notifications] AndroidManifest.xml:18:13-37
67        <receiver
67-->[:flutter_local_notifications] AndroidManifest.xml:19:9-21:40
68            android:name="com.dexterous.flutterlocalnotifications.ScheduledNotificationReceiver"
68-->[:flutter_local_notifications] AndroidManifest.xml:20:13-97
69            android:exported="false" />
69-->[:flutter_local_notifications] AndroidManifest.xml:21:13-37
70        <receiver
70-->[:flutter_local_notifications] AndroidManifest.xml:22:9-31:20
71            android:name="com.dexterous.flutterlocalnotifications.ScheduledNotificationBootReceiver"
71-->[:flutter_local_notifications] AndroidManifest.xml:23:13-101
72            android:exported="false" >
72-->[:flutter_local_notifications] AndroidManifest.xml:24:13-37
73            <intent-filter>
73-->[:flutter_local_notifications] AndroidManifest.xml:25:13-30:29
74                <action android:name="android.intent.action.BOOT_COMPLETED" />
74-->[:flutter_local_notifications] AndroidManifest.xml:26:17-79
74-->[:flutter_local_notifications] AndroidManifest.xml:26:25-76
75                <action android:name="android.intent.action.MY_PACKAGE_REPLACED" />
75-->[:flutter_local_notifications] AndroidManifest.xml:27:17-84
75-->[:flutter_local_notifications] AndroidManifest.xml:27:25-81
76                <action android:name="android.intent.action.QUICKBOOT_POWERON" />
76-->[:flutter_local_notifications] AndroidManifest.xml:28:17-82
76-->[:flutter_local_notifications] AndroidManifest.xml:28:25-79
77                <action android:name="com.htc.intent.action.QUICKBOOT_POWERON" />
77-->[:flutter_local_notifications] AndroidManifest.xml:29:17-82
77-->[:flutter_local_notifications] AndroidManifest.xml:29:25-79
78            </intent-filter>
79        </receiver>
80
81        <uses-library
81-->[androidx.window:window:1.0.0] AndroidManifest.xml:25:9-27:40
82            android:name="androidx.window.extensions"
82-->[androidx.window:window:1.0.0] AndroidManifest.xml:26:13-54
83            android:required="false" />
83-->[androidx.window:window:1.0.0] AndroidManifest.xml:27:13-37
84        <uses-library
84-->[androidx.window:window:1.0.0] AndroidManifest.xml:28:9-30:40
85            android:name="androidx.window.sidecar"
85-->[androidx.window:window:1.0.0] AndroidManifest.xml:29:13-51
86            android:required="false" />
86-->[androidx.window:window:1.0.0] AndroidManifest.xml:30:13-37
87
88        <activity
88-->[com.google.android.gms:play-services-auth:20.4.0] AndroidManifest.xml:23:9-27:75
89            android:name="com.google.android.gms.auth.api.signin.internal.SignInHubActivity"
89-->[com.google.android.gms:play-services-auth:20.4.0] AndroidManifest.xml:24:13-93
90            android:excludeFromRecents="true"
90-->[com.google.android.gms:play-services-auth:20.4.0] AndroidManifest.xml:25:13-46
91            android:exported="false"
91-->[com.google.android.gms:play-services-auth:20.4.0] AndroidManifest.xml:26:13-37
92            android:theme="@android:style/Theme.Translucent.NoTitleBar" />
92-->[com.google.android.gms:play-services-auth:20.4.0] AndroidManifest.xml:27:13-72
93        <!--
94            Service handling Google Sign-In user revocation. For apps that do not integrate with
95            Google Sign-In, this service will never be started.
96        -->
97        <service
97-->[com.google.android.gms:play-services-auth:20.4.0] AndroidManifest.xml:33:9-37:51
98            android:name="com.google.android.gms.auth.api.signin.RevocationBoundService"
98-->[com.google.android.gms:play-services-auth:20.4.0] AndroidManifest.xml:34:13-89
99            android:exported="true"
99-->[com.google.android.gms:play-services-auth:20.4.0] AndroidManifest.xml:35:13-36
100            android:permission="com.google.android.gms.auth.api.signin.permission.REVOCATION_NOTIFICATION"
100-->[com.google.android.gms:play-services-auth:20.4.0] AndroidManifest.xml:36:13-107
101            android:visibleToInstantApps="true" />
101-->[com.google.android.gms:play-services-auth:20.4.0] AndroidManifest.xml:37:13-48
102
103        <activity
103-->[com.google.android.gms:play-services-base:18.0.1] AndroidManifest.xml:20:9-22:45
104            android:name="com.google.android.gms.common.api.GoogleApiActivity"
104-->[com.google.android.gms:play-services-base:18.0.1] AndroidManifest.xml:20:19-85
105            android:exported="false"
105-->[com.google.android.gms:play-services-base:18.0.1] AndroidManifest.xml:22:19-43
106            android:theme="@android:style/Theme.Translucent.NoTitleBar" />
106-->[com.google.android.gms:play-services-base:18.0.1] AndroidManifest.xml:21:19-78
107
108        <meta-data
108-->[com.google.android.gms:play-services-basement:18.1.0] AndroidManifest.xml:21:9-23:69
109            android:name="com.google.android.gms.version"
109-->[com.google.android.gms:play-services-basement:18.1.0] AndroidManifest.xml:22:13-58
110            android:value="@integer/google_play_services_version" />
110-->[com.google.android.gms:play-services-basement:18.1.0] AndroidManifest.xml:23:13-66
111    </application>
112
113</manifest>